<?xml version="1.0" encoding="UTF-8"?>
<!-- Generated by org.testng.reporters.JUnitXMLReporter -->
<testsuite ignored="0" hostname="DESKTOP-GL27Q22" failures="0" tests="4" name="Default test" time="0.073" errors="0" timestamp="07 Apr 2021 09:03:30 GMT">
  <testcase classname="Com.TestCase.CreateOraganization" name="Createorg" time="0.015"/>
  <testcase classname="Com.TestCase.CreateOraganization" name="Deleteorg" time="0.002"/>
  <testcase classname="Com.TestCase.CreateOraganization" name="Modifyorg" time="0.002"/>
  <testcase classname="Com.TestCase.CreateOraganization" name="Validateorg" time="0.004"/>
</testsuite> <!-- Default test -->
