<?xml version="1.0" encoding="UTF-8"?>
<!-- Generated by org.testng.reporters.JUnitXMLReporter -->
<testsuite ignored="0" hostname="DESKTOP-GL27Q22" failures="0" tests="4" name="TestRunner-1" time="0.17" errors="0" timestamp="07 Apr 2021 10:03:41 GMT">
  <testcase classname="Com.TestCase.CreaatecontafctTest" name="Createcontafct" time="0.004"/>
  <testcase classname="Com.TestCase.CreaatecontafctTest" name="Deletecontafct" time="0.005"/>
  <testcase classname="Com.TestCase.CreaatecontafctTest" name="Modifycontafct" time="0.004"/>
  <testcase classname="Com.TestCase.CreaatecontafctTest" name="Validatecontafct" time="0.021"/>
</testsuite> <!-- TestRunner-1 -->
