<?xml version="1.0" encoding="UTF-8"?>
<!-- Generated by org.testng.reporters.JUnitXMLReporter -->
<testsuite ignored="0" hostname="DESKTOP-GL27Q22" failures="0" tests="4" name="TestRunner-4" time="0.188" errors="0" timestamp="07 Apr 2021 10:03:41 GMT">
  <testcase classname="Com.TestCase.CreatemarCTest" name="CreatemarC" time="0.068"/>
  <testcase classname="Com.TestCase.CreatemarCTest" name="DeletemarC" time="0.002"/>
  <testcase classname="Com.TestCase.CreatemarCTest" name="ModifymarC" time="0.001"/>
  <testcase classname="Com.TestCase.CreatemarCTest" name="ValidatemarC" time="0.001"/>
</testsuite> <!-- TestRunner-4 -->
