<?xml version="1.0" encoding="UTF-8"?>
<!-- Generated by org.testng.reporters.JUnitXMLReporter -->
<testsuite ignored="0" hostname="DESKTOP-GL27Q22" failures="0" tests="4" name="TestRunner-2" time="0.159" errors="0" timestamp="07 Apr 2021 10:03:41 GMT">
  <testcase classname="Com.TestCase.CreateOraganizationTest" name="Createorg" time="0.003"/>
  <testcase classname="Com.TestCase.CreateOraganizationTest" name="Deleteorg" time="0.002"/>
  <testcase classname="Com.TestCase.CreateOraganizationTest" name="Modifyorg" time="0.004"/>
  <testcase classname="Com.TestCase.CreateOraganizationTest" name="Validateorg" time="0.003"/>
</testsuite> <!-- TestRunner-2 -->
