<?xml version="1.0" encoding="UTF-8"?>
<!-- Generated by org.testng.reporters.JUnitXMLReporter -->
<testsuite ignored="0" hostname="DESKTOP-GL27Q22" failures="0" tests="4" name="TestRunner-3" time="0.077" errors="0" timestamp="07 Apr 2021 10:03:41 GMT">
  <testcase classname="Com.TestCase.CreatevendorTest" name="Createvendor" time="0.016"/>
  <testcase classname="Com.TestCase.CreatevendorTest" name="Deletevendor" time="0.002"/>
  <testcase classname="Com.TestCase.CreatevendorTest" name="Modifyvendor" time="0.001"/>
  <testcase classname="Com.TestCase.CreatevendorTest" name="Validatevendor" time="0.002"/>
</testsuite> <!-- TestRunner-3 -->
