<?xml version="1.0" encoding="UTF-8"?>
<!-- Generated by org.testng.reporters.JUnitXMLReporter -->
<testsuite ignored="4" hostname="DESKTOP-GL27Q22" failures="0" tests="12" name="Test" time="0.162" errors="0" timestamp="07 Apr 2021 10:29:17 GMT">
  <testcase classname="Com.TestCase.CreaatecontafctTest" name="Createcontafct" time="0.018"/>
  <testcase classname="Com.TestCase.CreaatecontafctTest" name="Deletecontafct" time="0.003"/>
  <testcase classname="Com.TestCase.CreaatecontafctTest" name="Validatecontafct" time="0.003"/>
  <testcase classname="Com.TestCase.CreateOraganizationTest" name="Createorg" time="0.001"/>
  <testcase classname="Com.TestCase.CreateOraganizationTest" name="Deleteorg" time="0.004"/>
  <testcase classname="Com.TestCase.CreateOraganizationTest" name="Modifyorg" time="0.002"/>
  <testcase classname="Com.TestCase.CreatevendorTest" name="Createvendor" time="0.006"/>
  <testcase classname="Com.TestCase.CreatevendorTest" name="Modifyvendor" time="0.007"/>
  <testcase classname="Com.TestCase.CreatevendorTest" name="Validatevendor" time="0.006"/>
  <testcase classname="Com.TestCase.CreatemarCTest" name="CreatemarC" time="0.004"/>
  <testcase classname="Com.TestCase.CreatemarCTest" name="DeletemarC" time="0.003"/>
  <testcase classname="Com.TestCase.CreatemarCTest" name="ModifymarC" time="0.006"/>
  <testcase classname="Com.TestCase.CreateOraganizationTest" name="Validateorg" time="0.0">
    <ignored/>
  </testcase> <!-- Validateorg -->
  <testcase classname="Com.TestCase.CreaatecontafctTest" name="Modifycontafct" time="0.0">
    <ignored/>
  </testcase> <!-- Modifycontafct -->
  <testcase classname="Com.TestCase.CreatevendorTest" name="Deletevendor" time="0.0">
    <ignored/>
  </testcase> <!-- Deletevendor -->
  <testcase classname="Com.TestCase.CreatemarCTest" name="ValidatemarC" time="0.0">
    <ignored/>
  </testcase> <!-- ValidatemarC -->
</testsuite> <!-- Test -->
